<?xml version="1.0" encoding="UTF-8"?>
<!-- Generated by org.testng.reporters.JUnitReportReporter -->
<testsuite hostname="QSG-PC" name="requirement.OneTrust" tests="1" failures="0" timestamp="1 Dec 2016 10:07:21 GMT" time="14.667" errors="0">
  <testcase name="FetchCurrentOpenings" time="14.667" classname="requirement.OneTrust"/>
</testsuite> <!-- requirement.OneTrust -->
